0 verbose cli /usr/bin/node /usr/bin/npm
1 info using npm@11.6.3
2 info using node@v24.13.0
3 silly config load:file:/usr/lib/node_modules/npm/npmrc
4 silly config load:file:/app/.npmrc
5 silly config load:file:/etc/npmrc
6 verbose title npm add vite@^6.2.6 vite-plugin-ruby@^5.1.1
7 verbose argv "add" "--save-dev" "vite@^6.2.6" "vite-plugin-ruby@^5.1.1"
8 verbose logfile logs-max:10 dir:/app/.npm/_logs/2026-02-28T20_39_17_010Z-
9 verbose logfile /app/.npm/_logs/2026-02-28T20_39_17_010Z-debug-0.log
10 silly logfile done cleaning log files
11 silly packumentCache heap:4496293888 maxSize:1124073472 maxEntrySize:562036736
12 silly idealTree buildDeps
13 silly fetch manifest vite@^6.2.6
14 silly packumentCache full:https://registry.npmjs.org/vite cache-miss
15 http fetch GET 200 https://registry.npmjs.org/vite 769ms (cache miss)
16 silly packumentCache full:https://registry.npmjs.org/vite set size:undefined disposed:false
17 silly fetch manifest @types/node@^18.0.0 || ^20.0.0 || >=22.0.0
18 silly packumentCache full:https://registry.npmjs.org/@types%2fnode cache-miss
19 http fetch GET 200 https://registry.npmjs.org/@types%2fnode 164ms (cache miss)
20 silly packumentCache full:https://registry.npmjs.org/@types%2fnode set size:undefined disposed:false
21 silly fetch manifest jiti@>=1.21.0
22 silly packumentCache full:https://registry.npmjs.org/jiti cache-miss
23 http fetch GET 200 https://registry.npmjs.org/jiti 35ms (cache miss)
24 silly packumentCache full:https://registry.npmjs.org/jiti set size:undefined disposed:false
25 silly fetch manifest less@*
26 silly packumentCache full:https://registry.npmjs.org/less cache-miss
27 http fetch GET 200 https://registry.npmjs.org/less 63ms (cache miss)
28 silly packumentCache full:https://registry.npmjs.org/less set size:undefined disposed:false
29 silly fetch manifest lightningcss@^1.21.0
30 silly packumentCache full:https://registry.npmjs.org/lightningcss cache-miss
31 http fetch GET 200 https://registry.npmjs.org/lightningcss 50ms (cache miss)
32 silly packumentCache full:https://registry.npmjs.org/lightningcss set size:undefined disposed:false
33 silly fetch manifest sass@*
34 silly packumentCache full:https://registry.npmjs.org/sass cache-miss
35 http fetch GET 200 https://registry.npmjs.org/sass 47ms (cache miss)
36 silly packumentCache full:https://registry.npmjs.org/sass set size:undefined disposed:false
37 silly fetch manifest sass-embedded@*
38 silly packumentCache full:https://registry.npmjs.org/sass-embedded cache-miss
39 http fetch GET 200 https://registry.npmjs.org/sass-embedded 64ms (cache miss)
40 silly packumentCache full:https://registry.npmjs.org/sass-embedded set size:undefined disposed:false
41 silly fetch manifest stylus@*
42 silly packumentCache full:https://registry.npmjs.org/stylus cache-miss
43 http fetch GET 200 https://registry.npmjs.org/stylus 40ms (cache miss)
44 silly packumentCache full:https://registry.npmjs.org/stylus set size:undefined disposed:false
45 silly fetch manifest sugarss@*
46 silly packumentCache full:https://registry.npmjs.org/sugarss cache-miss
47 http fetch GET 200 https://registry.npmjs.org/sugarss 45ms (cache miss)
48 silly packumentCache full:https://registry.npmjs.org/sugarss set size:undefined disposed:false
49 silly fetch manifest postcss@^8.3.3
50 silly packumentCache full:https://registry.npmjs.org/postcss cache-miss
51 http fetch GET 200 https://registry.npmjs.org/postcss 60ms (cache miss)
52 silly packumentCache full:https://registry.npmjs.org/postcss set size:undefined disposed:false
53 silly fetch manifest terser@^5.16.0
54 silly packumentCache full:https://registry.npmjs.org/terser cache-miss
55 http fetch GET 200 https://registry.npmjs.org/terser 260ms (cache miss)
56 silly packumentCache full:https://registry.npmjs.org/terser set size:undefined disposed:false
57 silly fetch manifest tsx@^4.8.1
58 silly packumentCache full:https://registry.npmjs.org/tsx cache-miss
59 http fetch GET 200 https://registry.npmjs.org/tsx 42ms (cache miss)
60 silly packumentCache full:https://registry.npmjs.org/tsx set size:undefined disposed:false
61 silly fetch manifest yaml@^2.4.2
62 silly packumentCache full:https://registry.npmjs.org/yaml cache-miss
63 http fetch GET 200 https://registry.npmjs.org/yaml 33ms (cache miss)
64 silly packumentCache full:https://registry.npmjs.org/yaml set size:undefined disposed:false
65 silly fetch manifest vite-plugin-ruby@^5.1.1
66 silly packumentCache full:https://registry.npmjs.org/vite-plugin-ruby cache-miss
67 http fetch GET 200 https://registry.npmjs.org/vite-plugin-ruby 964ms (cache miss)
68 silly packumentCache full:https://registry.npmjs.org/vite-plugin-ruby set size:undefined disposed:false
69 silly placeDep ROOT vite@6.4.1 OK for:  want: ^6.2.6
70 silly placeDep ROOT vite-plugin-ruby@5.1.3 OK for:  want: ^5.1.1
71 silly fetch manifest fdir@^6.4.4
72 silly packumentCache full:https://registry.npmjs.org/fdir cache-miss
73 silly fetch manifest rollup@^4.34.9
74 silly packumentCache full:https://registry.npmjs.org/rollup cache-miss
75 silly fetch manifest esbuild@^0.25.0
76 silly packumentCache full:https://registry.npmjs.org/esbuild cache-miss
77 silly fetch manifest postcss@^8.5.3
78 silly packumentCache full:https://registry.npmjs.org/postcss cache-miss
79 silly fetch manifest picomatch@^4.0.2
80 silly packumentCache full:https://registry.npmjs.org/picomatch cache-miss
81 silly fetch manifest tinyglobby@^0.2.13
82 silly packumentCache full:https://registry.npmjs.org/tinyglobby cache-miss
83 silly fetch manifest fsevents@~2.3.3
84 silly packumentCache full:https://registry.npmjs.org/fsevents cache-miss
85 silly fetch manifest debug@^4.3.4
86 silly packumentCache full:https://registry.npmjs.org/debug cache-miss
87 silly fetch manifest fast-glob@^3.3.2
88 silly packumentCache full:https://registry.npmjs.org/fast-glob cache-miss
89 http cache https://registry.npmjs.org/postcss 46ms (cache hit)
90 silly packumentCache full:https://registry.npmjs.org/postcss set size:696248 disposed:false
91 http fetch GET 200 https://registry.npmjs.org/tinyglobby 122ms (cache miss)
92 silly packumentCache full:https://registry.npmjs.org/tinyglobby set size:undefined disposed:false
93 http fetch GET 200 https://registry.npmjs.org/picomatch 134ms (cache miss)
94 silly packumentCache full:https://registry.npmjs.org/picomatch set size:undefined disposed:false
95 http fetch GET 200 https://registry.npmjs.org/debug 153ms (cache miss)
96 silly packumentCache full:https://registry.npmjs.org/debug set size:undefined disposed:false
97 http fetch GET 200 https://registry.npmjs.org/fsevents 158ms (cache miss)
98 silly packumentCache full:https://registry.npmjs.org/fsevents set size:undefined disposed:false
99 http fetch GET 200 https://registry.npmjs.org/fast-glob 173ms (cache miss)
100 silly packumentCache full:https://registry.npmjs.org/fast-glob set size:undefined disposed:false
101 http fetch GET 200 https://registry.npmjs.org/esbuild 206ms (cache miss)
102 silly packumentCache full:https://registry.npmjs.org/esbuild set size:undefined disposed:false
103 http fetch GET 200 https://registry.npmjs.org/rollup 252ms (cache miss)
104 silly packumentCache full:https://registry.npmjs.org/rollup set size:undefined disposed:false
105 http fetch GET 200 https://registry.npmjs.org/fdir 305ms (cache miss)
106 silly packumentCache full:https://registry.npmjs.org/fdir set size:undefined disposed:false
107 silly placeDep ROOT esbuild@0.25.12 OK for: vite@6.4.1 want: ^0.25.0
108 silly placeDep ROOT fdir@6.5.0 OK for: vite@6.4.1 want: ^6.4.4
109 silly placeDep ROOT fsevents@2.3.3 OK for: vite@6.4.1 want: ~2.3.3
110 silly placeDep ROOT picomatch@4.0.3 OK for: vite@6.4.1 want: ^4.0.2
111 silly placeDep ROOT postcss@8.5.6 OK for: vite@6.4.1 want: ^8.5.3
112 silly placeDep ROOT rollup@4.59.0 OK for: vite@6.4.1 want: ^4.34.9
113 silly placeDep ROOT tinyglobby@0.2.15 OK for: vite@6.4.1 want: ^0.2.13
114 silly fetch manifest @esbuild/aix-ppc64@0.25.12
115 silly packumentCache full:https://registry.npmjs.org/@esbuild%2faix-ppc64 cache-miss
116 silly fetch manifest @esbuild/linux-arm@0.25.12
117 silly packumentCache full:https://registry.npmjs.org/@esbuild%2flinux-arm cache-miss
118 silly fetch manifest @esbuild/linux-x64@0.25.12
119 silly packumentCache full:https://registry.npmjs.org/@esbuild%2flinux-x64 cache-miss
120 silly fetch manifest @esbuild/sunos-x64@0.25.12
121 silly packumentCache full:https://registry.npmjs.org/@esbuild%2fsunos-x64 cache-miss
122 silly fetch manifest @esbuild/win32-x64@0.25.12
123 silly packumentCache full:https://registry.npmjs.org/@esbuild%2fwin32-x64 cache-miss
124 silly fetch manifest @esbuild/darwin-x64@0.25.12
125 silly packumentCache full:https://registry.npmjs.org/@esbuild%2fdarwin-x64 cache-miss
126 silly fetch manifest @esbuild/linux-ia32@0.25.12
127 silly packumentCache full:https://registry.npmjs.org/@esbuild%2flinux-ia32 cache-miss
128 silly fetch manifest @esbuild/netbsd-x64@0.25.12
129 silly packumentCache full:https://registry.npmjs.org/@esbuild%2fnetbsd-x64 cache-miss
130 silly fetch manifest @esbuild/win32-ia32@0.25.12
131 silly packumentCache full:https://registry.npmjs.org/@esbuild%2fwin32-ia32 cache-miss
132 silly fetch manifest @esbuild/android-arm@0.25.12
133 silly packumentCache full:https://registry.npmjs.org/@esbuild%2fandroid-arm cache-miss
134 silly fetch manifest @esbuild/android-x64@0.25.12
135 silly packumentCache full:https://registry.npmjs.org/@esbuild%2fandroid-x64 cache-miss
136 http fetch GET 200 https://registry.npmjs.org/@esbuild%2fandroid-x64 119ms (cache miss)
137 silly packumentCache full:https://registry.npmjs.org/@esbuild%2fandroid-x64 set size:undefined disposed:false
138 silly fetch manifest @esbuild/freebsd-x64@0.25.12
139 silly packumentCache full:https://registry.npmjs.org/@esbuild%2ffreebsd-x64 cache-miss
140 http fetch GET 200 https://registry.npmjs.org/@esbuild%2fandroid-arm 122ms (cache miss)
141 silly packumentCache full:https://registry.npmjs.org/@esbuild%2fandroid-arm set size:undefined disposed:false
142 silly fetch manifest @esbuild/linux-arm64@0.25.12
143 silly packumentCache full:https://registry.npmjs.org/@esbuild%2flinux-arm64 cache-miss
144 http fetch GET 200 https://registry.npmjs.org/@esbuild%2flinux-arm64 45ms (cache miss)
145 silly packumentCache full:https://registry.npmjs.org/@esbuild%2flinux-arm64 set size:undefined disposed:false
146 silly fetch manifest @esbuild/linux-ppc64@0.25.12
147 silly packumentCache full:https://registry.npmjs.org/@esbuild%2flinux-ppc64 cache-miss
148 http fetch GET 200 https://registry.npmjs.org/@esbuild%2flinux-x64 207ms (cache miss)
149 silly packumentCache full:https://registry.npmjs.org/@esbuild%2flinux-x64 set size:undefined disposed:false
150 silly fetch manifest @esbuild/linux-s390x@0.25.12
151 silly packumentCache full:https://registry.npmjs.org/@esbuild%2flinux-s390x cache-miss
152 http fetch GET 200 https://registry.npmjs.org/@esbuild%2flinux-ia32 230ms (cache miss)
153 silly packumentCache full:https://registry.npmjs.org/@esbuild%2flinux-ia32 set size:undefined disposed:false
154 silly fetch manifest @esbuild/openbsd-x64@0.25.12
155 silly packumentCache full:https://registry.npmjs.org/@esbuild%2fopenbsd-x64 cache-miss
156 http fetch GET 200 https://registry.npmjs.org/@esbuild%2fnetbsd-x64 234ms (cache miss)
157 silly packumentCache full:https://registry.npmjs.org/@esbuild%2fnetbsd-x64 set size:undefined disposed:false
158 silly fetch manifest @esbuild/win32-arm64@0.25.12
159 silly packumentCache full:https://registry.npmjs.org/@esbuild%2fwin32-arm64 cache-miss
160 http fetch GET 200 https://registry.npmjs.org/@esbuild%2fsunos-x64 239ms (cache miss)
161 silly packumentCache full:https://registry.npmjs.org/@esbuild%2fsunos-x64 set size:undefined disposed:false
162 silly fetch manifest @esbuild/darwin-arm64@0.25.12
163 silly packumentCache full:https://registry.npmjs.org/@esbuild%2fdarwin-arm64 cache-miss
164 http fetch GET 200 https://registry.npmjs.org/@esbuild%2fwin32-x64 249ms (cache miss)
165 silly packumentCache full:https://registry.npmjs.org/@esbuild%2fwin32-x64 set size:undefined disposed:false
166 silly fetch manifest @esbuild/netbsd-arm64@0.25.12
167 silly packumentCache full:https://registry.npmjs.org/@esbuild%2fnetbsd-arm64 cache-miss
168 http fetch GET 200 https://registry.npmjs.org/@esbuild%2fwin32-ia32 262ms (cache miss)
169 silly packumentCache full:https://registry.npmjs.org/@esbuild%2fwin32-ia32 set size:undefined disposed:false
170 silly fetch manifest @esbuild/android-arm64@0.25.12
171 silly packumentCache full:https://registry.npmjs.org/@esbuild%2fandroid-arm64 cache-miss
172 http fetch GET 200 https://registry.npmjs.org/@esbuild%2ffreebsd-x64 213ms (cache miss)
173 silly packumentCache full:https://registry.npmjs.org/@esbuild%2ffreebsd-x64 set size:undefined disposed:false
174 silly fetch manifest @esbuild/freebsd-arm64@0.25.12
175 silly packumentCache full:https://registry.npmjs.org/@esbuild%2ffreebsd-arm64 cache-miss
176 http fetch GET 200 https://registry.npmjs.org/@esbuild%2faix-ppc64 349ms (cache miss)
177 silly packumentCache full:https://registry.npmjs.org/@esbuild%2faix-ppc64 set size:undefined disposed:false
178 silly fetch manifest @esbuild/linux-loong64@0.25.12
179 silly packumentCache full:https://registry.npmjs.org/@esbuild%2flinux-loong64 cache-miss
180 http fetch GET 200 https://registry.npmjs.org/@esbuild%2fnetbsd-arm64 204ms (cache miss)
181 silly packumentCache full:https://registry.npmjs.org/@esbuild%2fnetbsd-arm64 set size:undefined disposed:false
182 silly fetch manifest @esbuild/linux-riscv64@0.25.12
183 silly packumentCache full:https://registry.npmjs.org/@esbuild%2flinux-riscv64 cache-miss
184 http fetch GET 200 https://registry.npmjs.org/@esbuild%2fdarwin-x64 460ms (cache miss)
185 silly packumentCache full:https://registry.npmjs.org/@esbuild%2fdarwin-x64 set size:undefined disposed:false
186 silly fetch manifest @esbuild/openbsd-arm64@0.25.12
187 silly packumentCache full:https://registry.npmjs.org/@esbuild%2fopenbsd-arm64 cache-miss
188 http fetch GET 200 https://registry.npmjs.org/@esbuild%2fwin32-arm64 227ms (cache miss)
189 silly packumentCache full:https://registry.npmjs.org/@esbuild%2fwin32-arm64 set size:undefined disposed:false
190 silly fetch manifest @esbuild/linux-mips64el@0.25.12
191 silly packumentCache full:https://registry.npmjs.org/@esbuild%2flinux-mips64el cache-miss
192 http fetch GET 200 https://registry.npmjs.org/@esbuild%2fopenbsd-x64 236ms (cache miss)
193 silly packumentCache full:https://registry.npmjs.org/@esbuild%2fopenbsd-x64 set size:undefined disposed:false
194 silly fetch manifest @esbuild/openharmony-arm64@0.25.12
195 silly packumentCache full:https://registry.npmjs.org/@esbuild%2fopenharmony-arm64 cache-miss
196 http fetch GET 200 https://registry.npmjs.org/@esbuild%2flinux-arm 476ms (cache miss)
197 silly packumentCache full:https://registry.npmjs.org/@esbuild%2flinux-arm set size:undefined disposed:false
198 silly fetch manifest nanoid@^3.3.11
199 silly packumentCache full:https://registry.npmjs.org/nanoid cache-miss
200 http fetch GET 200 https://registry.npmjs.org/@esbuild%2fdarwin-arm64 284ms (cache miss)
201 silly packumentCache full:https://registry.npmjs.org/@esbuild%2fdarwin-arm64 set size:undefined disposed:false
202 silly fetch manifest picocolors@^1.1.1
203 silly packumentCache full:https://registry.npmjs.org/picocolors cache-miss
204 http fetch GET 200 https://registry.npmjs.org/@esbuild%2fopenharmony-arm64 58ms (cache miss)
205 silly packumentCache full:https://registry.npmjs.org/@esbuild%2fopenharmony-arm64 set size:undefined disposed:false
206 silly fetch manifest source-map-js@^1.2.1
207 silly packumentCache full:https://registry.npmjs.org/source-map-js cache-miss
208 http fetch GET 200 https://registry.npmjs.org/@esbuild%2fopenbsd-arm64 71ms (cache miss)
209 silly packumentCache full:https://registry.npmjs.org/@esbuild%2fopenbsd-arm64 set size:undefined disposed:false
210 silly fetch manifest @types/estree@1.0.8
211 silly packumentCache full:https://registry.npmjs.org/@types%2festree cache-miss
212 http fetch GET 200 https://registry.npmjs.org/@esbuild%2flinux-s390x 333ms (cache miss)
213 silly packumentCache full:https://registry.npmjs.org/@esbuild%2flinux-s390x set size:undefined disposed:false
214 silly fetch manifest @rollup/rollup-darwin-arm64@4.59.0
215 silly packumentCache full:https://registry.npmjs.org/@rollup%2frollup-darwin-arm64 cache-miss
216 http fetch GET 200 https://registry.npmjs.org/nanoid 75ms (cache miss)
217 silly packumentCache full:https://registry.npmjs.org/nanoid set size:undefined disposed:false
218 silly fetch manifest @rollup/rollup-android-arm64@4.59.0
219 silly packumentCache full:https://registry.npmjs.org/@rollup%2frollup-android-arm64 cache-miss
220 http fetch GET 200 https://registry.npmjs.org/@esbuild%2ffreebsd-arm64 248ms (cache miss)
221 silly packumentCache full:https://registry.npmjs.org/@esbuild%2ffreebsd-arm64 set size:undefined disposed:false
222 silly fetch manifest @rollup/rollup-win32-arm64-msvc@4.59.0
223 silly packumentCache full:https://registry.npmjs.org/@rollup%2frollup-win32-arm64-msvc cache-miss
224 http fetch GET 200 https://registry.npmjs.org/source-map-js 59ms (cache miss)
225 silly packumentCache full:https://registry.npmjs.org/source-map-js set size:undefined disposed:false
226 silly fetch manifest @rollup/rollup-freebsd-arm64@4.59.0
227 silly packumentCache full:https://registry.npmjs.org/@rollup%2frollup-freebsd-arm64 cache-miss
228 http fetch GET 200 https://registry.npmjs.org/@types%2festree 61ms (cache miss)
229 silly packumentCache full:https://registry.npmjs.org/@types%2festree set size:undefined disposed:false
230 silly fetch manifest @rollup/rollup-linux-arm64-gnu@4.59.0
231 silly packumentCache full:https://registry.npmjs.org/@rollup%2frollup-linux-arm64-gnu cache-miss
232 http fetch GET 200 https://registry.npmjs.org/@esbuild%2flinux-ppc64 425ms (cache miss)
233 silly packumentCache full:https://registry.npmjs.org/@esbuild%2flinux-ppc64 set size:undefined disposed:false
234 silly fetch manifest @rollup/rollup-linux-arm64-musl@4.59.0
235 silly packumentCache full:https://registry.npmjs.org/@rollup%2frollup-linux-arm64-musl cache-miss
236 http fetch GET 200 https://registry.npmjs.org/@esbuild%2flinux-loong64 255ms (cache miss)
237 silly packumentCache full:https://registry.npmjs.org/@esbuild%2flinux-loong64 set size:undefined disposed:false
238 silly fetch manifest @rollup/rollup-android-arm-eabi@4.59.0
239 silly packumentCache full:https://registry.npmjs.org/@rollup%2frollup-android-arm-eabi cache-miss
240 http fetch GET 200 https://registry.npmjs.org/@rollup%2frollup-win32-arm64-msvc 49ms (cache miss)
241 silly packumentCache full:https://registry.npmjs.org/@rollup%2frollup-win32-arm64-msvc set size:undefined disposed:false
242 silly fetch manifest @rollup/rollup-linux-arm-gnueabihf@4.59.0
243 silly packumentCache full:https://registry.npmjs.org/@rollup%2frollup-linux-arm-gnueabihf cache-miss
244 http fetch GET 200 https://registry.npmjs.org/@rollup%2frollup-linux-arm64-musl 48ms (cache miss)
245 silly packumentCache full:https://registry.npmjs.org/@rollup%2frollup-linux-arm64-musl set size:undefined disposed:false
246 silly fetch manifest @rollup/rollup-linux-arm-musleabihf@4.59.0
247 silly packumentCache full:https://registry.npmjs.org/@rollup%2frollup-linux-arm-musleabihf cache-miss
248 http fetch GET 200 https://registry.npmjs.org/@esbuild%2flinux-mips64el 220ms (cache miss)
249 silly packumentCache full:https://registry.npmjs.org/@esbuild%2flinux-mips64el set size:undefined disposed:false
250 silly fetch manifest @rollup/rollup-win32-ia32-msvc@4.59.0
251 silly packumentCache full:https://registry.npmjs.org/@rollup%2frollup-win32-ia32-msvc cache-miss
252 http fetch GET 200 https://registry.npmjs.org/@esbuild%2flinux-riscv64 234ms (cache miss)
253 silly packumentCache full:https://registry.npmjs.org/@esbuild%2flinux-riscv64 set size:undefined disposed:false
254 silly fetch manifest @rollup/rollup-linux-loong64-gnu@4.59.0
255 silly packumentCache full:https://registry.npmjs.org/@rollup%2frollup-linux-loong64-gnu cache-miss
256 http fetch GET 200 https://registry.npmjs.org/@rollup%2frollup-linux-arm-gnueabihf 59ms (cache miss)
257 silly packumentCache full:https://registry.npmjs.org/@rollup%2frollup-linux-arm-gnueabihf set size:undefined disposed:false
258 silly fetch manifest @rollup/rollup-linux-loong64-musl@4.59.0
259 silly packumentCache full:https://registry.npmjs.org/@rollup%2frollup-linux-loong64-musl cache-miss
260 http fetch GET 200 https://registry.npmjs.org/@esbuild%2fandroid-arm64 441ms (cache miss)
261 silly packumentCache full:https://registry.npmjs.org/@esbuild%2fandroid-arm64 set size:undefined disposed:false
262 silly fetch manifest @rollup/rollup-linux-riscv64-gnu@4.59.0
263 silly packumentCache full:https://registry.npmjs.org/@rollup%2frollup-linux-riscv64-gnu cache-miss
264 http fetch GET 200 https://registry.npmjs.org/@rollup%2frollup-linux-loong64-gnu 44ms (cache miss)
265 silly packumentCache full:https://registry.npmjs.org/@rollup%2frollup-linux-loong64-gnu set size:undefined disposed:false
266 silly fetch manifest @rollup/rollup-linux-riscv64-musl@4.59.0
267 silly packumentCache full:https://registry.npmjs.org/@rollup%2frollup-linux-riscv64-musl cache-miss
268 http fetch GET 200 https://registry.npmjs.org/@rollup%2frollup-darwin-arm64 200ms (cache miss)
269 silly packumentCache full:https://registry.npmjs.org/@rollup%2frollup-darwin-arm64 set size:undefined disposed:false
270 silly fetch manifest @rollup/rollup-linux-ppc64-gnu@4.59.0
271 silly packumentCache full:https://registry.npmjs.org/@rollup%2frollup-linux-ppc64-gnu cache-miss
272 http fetch GET 200 https://registry.npmjs.org/@rollup%2frollup-linux-riscv64-gnu 47ms (cache miss)
273 silly packumentCache full:https://registry.npmjs.org/@rollup%2frollup-linux-riscv64-gnu set size:undefined disposed:false
274 silly fetch manifest @rollup/rollup-linux-ppc64-musl@4.59.0
275 silly packumentCache full:https://registry.npmjs.org/@rollup%2frollup-linux-ppc64-musl cache-miss
276 http fetch GET 200 https://registry.npmjs.org/@rollup%2frollup-android-arm64 214ms (cache miss)
277 silly packumentCache full:https://registry.npmjs.org/@rollup%2frollup-android-arm64 set size:undefined disposed:false
278 silly fetch manifest @rollup/rollup-linux-s390x-gnu@4.59.0
279 silly packumentCache full:https://registry.npmjs.org/@rollup%2frollup-linux-s390x-gnu cache-miss
280 http fetch GET 200 https://registry.npmjs.org/picocolors 290ms (cache miss)
281 silly packumentCache full:https://registry.npmjs.org/picocolors set size:undefined disposed:false
282 silly fetch manifest @rollup/rollup-darwin-x64@4.59.0
283 silly packumentCache full:https://registry.npmjs.org/@rollup%2frollup-darwin-x64 cache-miss
284 http fetch GET 200 https://registry.npmjs.org/@rollup%2frollup-linux-ppc64-musl 61ms (cache miss)
285 silly packumentCache full:https://registry.npmjs.org/@rollup%2frollup-linux-ppc64-musl set size:undefined disposed:false
286 silly fetch manifest @rollup/rollup-win32-x64-gnu@4.59.0
287 silly packumentCache full:https://registry.npmjs.org/@rollup%2frollup-win32-x64-gnu cache-miss
288 http fetch GET 200 https://registry.npmjs.org/@rollup%2frollup-linux-riscv64-musl 82ms (cache miss)
289 silly packumentCache full:https://registry.npmjs.org/@rollup%2frollup-linux-riscv64-musl set size:undefined disposed:false
290 silly fetch manifest @rollup/rollup-win32-x64-msvc@4.59.0
291 silly packumentCache full:https://registry.npmjs.org/@rollup%2frollup-win32-x64-msvc cache-miss
292 http fetch GET 200 https://registry.npmjs.org/@rollup%2frollup-linux-ppc64-gnu 75ms (cache miss)
293 silly packumentCache full:https://registry.npmjs.org/@rollup%2frollup-linux-ppc64-gnu set size:undefined disposed:false
294 silly fetch manifest @rollup/rollup-freebsd-x64@4.59.0
295 silly packumentCache full:https://registry.npmjs.org/@rollup%2frollup-freebsd-x64 cache-miss
296 http fetch GET 200 https://registry.npmjs.org/@rollup%2frollup-linux-arm64-gnu 236ms (cache miss)
297 silly packumentCache full:https://registry.npmjs.org/@rollup%2frollup-linux-arm64-gnu set size:undefined disposed:false
298 silly fetch manifest @rollup/rollup-linux-x64-gnu@4.59.0
299 silly packumentCache full:https://registry.npmjs.org/@rollup%2frollup-linux-x64-gnu cache-miss
300 http fetch GET 200 https://registry.npmjs.org/@rollup%2frollup-linux-s390x-gnu 63ms (cache miss)
301 silly packumentCache full:https://registry.npmjs.org/@rollup%2frollup-linux-s390x-gnu set size:undefined disposed:false
302 silly fetch manifest @rollup/rollup-linux-x64-musl@4.59.0
303 silly packumentCache full:https://registry.npmjs.org/@rollup%2frollup-linux-x64-musl cache-miss
304 http fetch GET 200 https://registry.npmjs.org/@rollup%2frollup-linux-arm-musleabihf 216ms (cache miss)
305 silly packumentCache full:https://registry.npmjs.org/@rollup%2frollup-linux-arm-musleabihf set size:undefined disposed:false
306 silly fetch manifest @rollup/rollup-openbsd-x64@4.59.0
307 silly packumentCache full:https://registry.npmjs.org/@rollup%2frollup-openbsd-x64 cache-miss
308 http fetch GET 200 https://registry.npmjs.org/@rollup%2frollup-android-arm-eabi 268ms (cache miss)
309 silly packumentCache full:https://registry.npmjs.org/@rollup%2frollup-android-arm-eabi set size:undefined disposed:false
310 silly fetch manifest @rollup/rollup-openharmony-arm64@4.59.0
311 silly packumentCache full:https://registry.npmjs.org/@rollup%2frollup-openharmony-arm64 cache-miss
312 http fetch GET 200 https://registry.npmjs.org/@rollup%2frollup-linux-loong64-musl 202ms (cache miss)
313 silly packumentCache full:https://registry.npmjs.org/@rollup%2frollup-linux-loong64-musl set size:undefined disposed:false
314 http fetch GET 200 https://registry.npmjs.org/@rollup%2frollup-win32-x64-msvc 85ms (cache miss)
315 silly packumentCache full:https://registry.npmjs.org/@rollup%2frollup-win32-x64-msvc set size:undefined disposed:false
316 http fetch GET 200 https://registry.npmjs.org/@rollup%2frollup-openbsd-x64 88ms (cache miss)
317 silly packumentCache full:https://registry.npmjs.org/@rollup%2frollup-openbsd-x64 set size:undefined disposed:false
318 http fetch GET 200 https://registry.npmjs.org/@rollup%2frollup-openharmony-arm64 83ms (cache miss)
319 silly packumentCache full:https://registry.npmjs.org/@rollup%2frollup-openharmony-arm64 set size:undefined disposed:false
320 http fetch GET 200 https://registry.npmjs.org/@rollup%2frollup-darwin-x64 144ms (cache miss)
321 silly packumentCache full:https://registry.npmjs.org/@rollup%2frollup-darwin-x64 set size:undefined disposed:false
322 http fetch GET 200 https://registry.npmjs.org/@rollup%2frollup-freebsd-arm64 404ms (cache miss)
323 silly packumentCache full:https://registry.npmjs.org/@rollup%2frollup-freebsd-arm64 set size:undefined disposed:false
324 http fetch GET 200 https://registry.npmjs.org/@rollup%2frollup-win32-x64-gnu 195ms (cache miss)
325 silly packumentCache full:https://registry.npmjs.org/@rollup%2frollup-win32-x64-gnu set size:undefined disposed:false
326 http fetch GET 200 https://registry.npmjs.org/@rollup%2frollup-win32-ia32-msvc 417ms (cache miss)
327 silly packumentCache full:https://registry.npmjs.org/@rollup%2frollup-win32-ia32-msvc set size:undefined disposed:false
328 http fetch GET 200 https://registry.npmjs.org/@rollup%2frollup-linux-x64-gnu 271ms (cache miss)
329 silly packumentCache full:https://registry.npmjs.org/@rollup%2frollup-linux-x64-gnu set size:undefined disposed:false
330 http fetch GET 200 https://registry.npmjs.org/@rollup%2frollup-freebsd-x64 311ms (cache miss)
331 silly packumentCache full:https://registry.npmjs.org/@rollup%2frollup-freebsd-x64 set size:undefined disposed:false
332 http fetch GET 200 https://registry.npmjs.org/@rollup%2frollup-linux-x64-musl 356ms (cache miss)
333 silly packumentCache full:https://registry.npmjs.org/@rollup%2frollup-linux-x64-musl set size:undefined disposed:false
334 silly placeDep ROOT @esbuild/aix-ppc64@0.25.12 OK for: esbuild@0.25.12 want: 0.25.12
335 silly placeDep ROOT @esbuild/android-arm@0.25.12 OK for: esbuild@0.25.12 want: 0.25.12
336 silly placeDep ROOT @esbuild/android-arm64@0.25.12 OK for: esbuild@0.25.12 want: 0.25.12
337 silly placeDep ROOT @esbuild/android-x64@0.25.12 OK for: esbuild@0.25.12 want: 0.25.12
338 silly placeDep ROOT @esbuild/darwin-arm64@0.25.12 OK for: esbuild@0.25.12 want: 0.25.12
339 silly placeDep ROOT @esbuild/darwin-x64@0.25.12 OK for: esbuild@0.25.12 want: 0.25.12
340 silly placeDep ROOT @esbuild/freebsd-arm64@0.25.12 OK for: esbuild@0.25.12 want: 0.25.12
341 silly placeDep ROOT @esbuild/freebsd-x64@0.25.12 OK for: esbuild@0.25.12 want: 0.25.12
342 silly placeDep ROOT @esbuild/linux-arm@0.25.12 OK for: esbuild@0.25.12 want: 0.25.12
343 silly placeDep ROOT @esbuild/linux-arm64@0.25.12 OK for: esbuild@0.25.12 want: 0.25.12
344 silly placeDep ROOT @esbuild/linux-ia32@0.25.12 OK for: esbuild@0.25.12 want: 0.25.12
345 silly placeDep ROOT @esbuild/linux-loong64@0.25.12 OK for: esbuild@0.25.12 want: 0.25.12
346 silly placeDep ROOT @esbuild/linux-mips64el@0.25.12 OK for: esbuild@0.25.12 want: 0.25.12
347 silly placeDep ROOT @esbuild/linux-ppc64@0.25.12 OK for: esbuild@0.25.12 want: 0.25.12
348 silly placeDep ROOT @esbuild/linux-riscv64@0.25.12 OK for: esbuild@0.25.12 want: 0.25.12
349 silly placeDep ROOT @esbuild/linux-s390x@0.25.12 OK for: esbuild@0.25.12 want: 0.25.12
350 silly placeDep ROOT @esbuild/linux-x64@0.25.12 OK for: esbuild@0.25.12 want: 0.25.12
351 silly placeDep ROOT @esbuild/netbsd-arm64@0.25.12 OK for: esbuild@0.25.12 want: 0.25.12
352 silly placeDep ROOT @esbuild/netbsd-x64@0.25.12 OK for: esbuild@0.25.12 want: 0.25.12
353 silly placeDep ROOT @esbuild/openbsd-arm64@0.25.12 OK for: esbuild@0.25.12 want: 0.25.12
354 silly placeDep ROOT @esbuild/openbsd-x64@0.25.12 OK for: esbuild@0.25.12 want: 0.25.12
355 silly placeDep ROOT @esbuild/openharmony-arm64@0.25.12 OK for: esbuild@0.25.12 want: 0.25.12
356 silly placeDep ROOT @esbuild/sunos-x64@0.25.12 OK for: esbuild@0.25.12 want: 0.25.12
357 silly placeDep ROOT @esbuild/win32-arm64@0.25.12 OK for: esbuild@0.25.12 want: 0.25.12
358 silly placeDep ROOT @esbuild/win32-ia32@0.25.12 OK for: esbuild@0.25.12 want: 0.25.12
359 silly placeDep ROOT @esbuild/win32-x64@0.25.12 OK for: esbuild@0.25.12 want: 0.25.12
360 silly placeDep ROOT nanoid@3.3.11 OK for: postcss@8.5.6 want: ^3.3.11
361 silly placeDep ROOT picocolors@1.1.1 OK for: postcss@8.5.6 want: ^1.1.1
362 silly placeDep ROOT source-map-js@1.2.1 OK for: postcss@8.5.6 want: ^1.2.1
363 silly placeDep ROOT @rollup/rollup-android-arm-eabi@4.59.0 OK for: rollup@4.59.0 want: 4.59.0
364 silly placeDep ROOT @rollup/rollup-android-arm64@4.59.0 OK for: rollup@4.59.0 want: 4.59.0
365 silly placeDep ROOT @rollup/rollup-darwin-arm64@4.59.0 OK for: rollup@4.59.0 want: 4.59.0
366 silly placeDep ROOT @rollup/rollup-darwin-x64@4.59.0 OK for: rollup@4.59.0 want: 4.59.0
367 silly placeDep ROOT @rollup/rollup-freebsd-arm64@4.59.0 OK for: rollup@4.59.0 want: 4.59.0
368 silly placeDep ROOT @rollup/rollup-freebsd-x64@4.59.0 OK for: rollup@4.59.0 want: 4.59.0
369 silly placeDep ROOT @rollup/rollup-linux-arm-gnueabihf@4.59.0 OK for: rollup@4.59.0 want: 4.59.0
370 silly placeDep ROOT @rollup/rollup-linux-arm-musleabihf@4.59.0 OK for: rollup@4.59.0 want: 4.59.0
371 silly placeDep ROOT @rollup/rollup-linux-arm64-gnu@4.59.0 OK for: rollup@4.59.0 want: 4.59.0
372 silly placeDep ROOT @rollup/rollup-linux-arm64-musl@4.59.0 OK for: rollup@4.59.0 want: 4.59.0
373 silly placeDep ROOT @rollup/rollup-linux-loong64-gnu@4.59.0 OK for: rollup@4.59.0 want: 4.59.0
374 silly placeDep ROOT @rollup/rollup-linux-loong64-musl@4.59.0 OK for: rollup@4.59.0 want: 4.59.0
375 silly placeDep ROOT @rollup/rollup-linux-ppc64-gnu@4.59.0 OK for: rollup@4.59.0 want: 4.59.0
376 silly placeDep ROOT @rollup/rollup-linux-ppc64-musl@4.59.0 OK for: rollup@4.59.0 want: 4.59.0
377 silly placeDep ROOT @rollup/rollup-linux-riscv64-gnu@4.59.0 OK for: rollup@4.59.0 want: 4.59.0
378 silly placeDep ROOT @rollup/rollup-linux-riscv64-musl@4.59.0 OK for: rollup@4.59.0 want: 4.59.0
379 silly placeDep ROOT @rollup/rollup-linux-s390x-gnu@4.59.0 OK for: rollup@4.59.0 want: 4.59.0
380 silly placeDep ROOT @rollup/rollup-linux-x64-gnu@4.59.0 OK for: rollup@4.59.0 want: 4.59.0
381 silly placeDep ROOT @rollup/rollup-linux-x64-musl@4.59.0 OK for: rollup@4.59.0 want: 4.59.0
382 silly placeDep ROOT @rollup/rollup-openbsd-x64@4.59.0 OK for: rollup@4.59.0 want: 4.59.0
383 silly placeDep ROOT @rollup/rollup-openharmony-arm64@4.59.0 OK for: rollup@4.59.0 want: 4.59.0
384 silly placeDep ROOT @rollup/rollup-win32-arm64-msvc@4.59.0 OK for: rollup@4.59.0 want: 4.59.0
385 silly placeDep ROOT @rollup/rollup-win32-ia32-msvc@4.59.0 OK for: rollup@4.59.0 want: 4.59.0
386 silly placeDep ROOT @rollup/rollup-win32-x64-gnu@4.59.0 OK for: rollup@4.59.0 want: 4.59.0
387 silly placeDep ROOT @rollup/rollup-win32-x64-msvc@4.59.0 OK for: rollup@4.59.0 want: 4.59.0
388 silly placeDep ROOT @types/estree@1.0.8 OK for: rollup@4.59.0 want: 1.0.8
389 silly placeDep ROOT debug@4.4.3 OK for: vite-plugin-ruby@5.1.3 want: ^4.3.4
390 silly placeDep ROOT fast-glob@3.3.3 OK for: vite-plugin-ruby@5.1.3 want: ^3.3.2
391 silly fetch manifest ms@^2.1.3
392 silly packumentCache full:https://registry.npmjs.org/ms cache-miss
393 silly fetch manifest @nodelib/fs.stat@^2.0.2
394 silly packumentCache full:https://registry.npmjs.org/@nodelib%2ffs.stat cache-miss
395 silly fetch manifest @nodelib/fs.walk@^1.2.3
396 silly packumentCache full:https://registry.npmjs.org/@nodelib%2ffs.walk cache-miss
397 silly fetch manifest glob-parent@^5.1.2
398 silly packumentCache full:https://registry.npmjs.org/glob-parent cache-miss
399 silly fetch manifest merge2@^1.3.0
400 silly packumentCache full:https://registry.npmjs.org/merge2 cache-miss
401 silly fetch manifest micromatch@^4.0.8
402 silly packumentCache full:https://registry.npmjs.org/micromatch cache-miss
403 http fetch GET 200 https://registry.npmjs.org/ms 27ms (cache miss)
404 silly packumentCache full:https://registry.npmjs.org/ms set size:undefined disposed:false
405 http fetch GET 200 https://registry.npmjs.org/glob-parent 31ms (cache miss)
406 silly packumentCache full:https://registry.npmjs.org/glob-parent set size:undefined disposed:false
407 http fetch GET 200 https://registry.npmjs.org/merge2 58ms (cache miss)
408 silly packumentCache full:https://registry.npmjs.org/merge2 set size:undefined disposed:false
409 http fetch GET 200 https://registry.npmjs.org/micromatch 60ms (cache miss)
410 silly packumentCache full:https://registry.npmjs.org/micromatch set size:undefined disposed:false
411 http fetch GET 200 https://registry.npmjs.org/@nodelib%2ffs.stat 252ms (cache miss)
412 silly packumentCache full:https://registry.npmjs.org/@nodelib%2ffs.stat set size:undefined disposed:false
413 http fetch GET 200 https://registry.npmjs.org/@nodelib%2ffs.walk 257ms (cache miss)
414 silly packumentCache full:https://registry.npmjs.org/@nodelib%2ffs.walk set size:undefined disposed:false
415 silly placeDep ROOT ms@2.1.3 OK for: debug@4.4.3 want: ^2.1.3
416 silly placeDep ROOT @nodelib/fs.stat@2.0.5 OK for: fast-glob@3.3.3 want: ^2.0.2
417 silly placeDep ROOT @nodelib/fs.walk@1.2.8 OK for: fast-glob@3.3.3 want: ^1.2.3
418 silly placeDep ROOT glob-parent@5.1.2 OK for: fast-glob@3.3.3 want: ^5.1.2
419 silly placeDep ROOT merge2@1.4.1 OK for: fast-glob@3.3.3 want: ^1.3.0
420 silly placeDep ROOT micromatch@4.0.8 OK for: fast-glob@3.3.3 want: ^4.0.8
421 silly fetch manifest fastq@^1.6.0
422 silly packumentCache full:https://registry.npmjs.org/fastq cache-miss
423 silly fetch manifest @nodelib/fs.scandir@2.1.5
424 silly packumentCache full:https://registry.npmjs.org/@nodelib%2ffs.scandir cache-miss
425 silly fetch manifest is-glob@^4.0.1
426 silly packumentCache full:https://registry.npmjs.org/is-glob cache-miss
427 silly fetch manifest braces@^3.0.3
428 silly packumentCache full:https://registry.npmjs.org/braces cache-miss
429 silly fetch manifest picomatch@^2.3.1
430 silly packumentCache full:https://registry.npmjs.org/picomatch cache-miss
431 http cache https://registry.npmjs.org/picomatch 6ms (cache hit)
432 silly packumentCache full:https://registry.npmjs.org/picomatch set size:118818 disposed:false
433 http fetch GET 200 https://registry.npmjs.org/is-glob 30ms (cache miss)
434 silly packumentCache full:https://registry.npmjs.org/is-glob set size:undefined disposed:false
435 http fetch GET 200 https://registry.npmjs.org/fastq 32ms (cache miss)
436 silly packumentCache full:https://registry.npmjs.org/fastq set size:undefined disposed:false
437 http fetch GET 200 https://registry.npmjs.org/@nodelib%2ffs.scandir 75ms (cache miss)
438 silly packumentCache full:https://registry.npmjs.org/@nodelib%2ffs.scandir set size:undefined disposed:false
439 http fetch GET 200 https://registry.npmjs.org/braces 75ms (cache miss)
440 silly packumentCache full:https://registry.npmjs.org/braces set size:undefined disposed:false
441 silly placeDep ROOT @nodelib/fs.scandir@2.1.5 OK for: @nodelib/fs.walk@1.2.8 want: 2.1.5
442 silly placeDep ROOT fastq@1.20.1 OK for: @nodelib/fs.walk@1.2.8 want: ^1.6.0
443 silly fetch manifest run-parallel@^1.1.9
444 silly packumentCache full:https://registry.npmjs.org/run-parallel cache-miss
445 silly fetch manifest reusify@^1.0.4
446 silly packumentCache full:https://registry.npmjs.org/reusify cache-miss
447 http fetch GET 200 https://registry.npmjs.org/reusify 39ms (cache miss)
448 silly packumentCache full:https://registry.npmjs.org/reusify set size:undefined disposed:false
449 http fetch GET 200 https://registry.npmjs.org/run-parallel 41ms (cache miss)
450 silly packumentCache full:https://registry.npmjs.org/run-parallel set size:undefined disposed:false
451 silly placeDep ROOT run-parallel@1.2.0 OK for: @nodelib/fs.scandir@2.1.5 want: ^1.1.9
452 silly fetch manifest queue-microtask@^1.2.2
453 silly packumentCache full:https://registry.npmjs.org/queue-microtask cache-miss
454 http fetch GET 200 https://registry.npmjs.org/queue-microtask 27ms (cache miss)
455 silly packumentCache full:https://registry.npmjs.org/queue-microtask set size:undefined disposed:false
456 silly placeDep ROOT reusify@1.1.0 OK for: fastq@1.20.1 want: ^1.0.4
457 silly placeDep ROOT is-glob@4.0.3 OK for: glob-parent@5.1.2 want: ^4.0.1
458 silly fetch manifest is-extglob@^2.1.1
459 silly packumentCache full:https://registry.npmjs.org/is-extglob cache-miss
460 http fetch GET 200 https://registry.npmjs.org/is-extglob 40ms (cache miss)
461 silly packumentCache full:https://registry.npmjs.org/is-extglob set size:undefined disposed:false
462 silly placeDep ROOT is-extglob@2.1.1 OK for: is-glob@4.0.3 want: ^2.1.1
463 silly placeDep ROOT braces@3.0.3 OK for: micromatch@4.0.8 want: ^3.0.3
464 silly placeDep node_modules/micromatch picomatch@2.3.1 OK for: micromatch@4.0.8 want: ^2.3.1
465 silly fetch manifest fill-range@^7.1.1
466 silly packumentCache full:https://registry.npmjs.org/fill-range cache-miss
467 http fetch GET 200 https://registry.npmjs.org/fill-range 46ms (cache miss)
468 silly packumentCache full:https://registry.npmjs.org/fill-range set size:undefined disposed:false
469 silly placeDep ROOT fill-range@7.1.1 OK for: braces@3.0.3 want: ^7.1.1
470 silly fetch manifest to-regex-range@^5.0.1
471 silly packumentCache full:https://registry.npmjs.org/to-regex-range cache-miss
472 http fetch GET 200 https://registry.npmjs.org/to-regex-range 30ms (cache miss)
473 silly packumentCache full:https://registry.npmjs.org/to-regex-range set size:undefined disposed:false
474 silly placeDep ROOT to-regex-range@5.0.1 OK for: fill-range@7.1.1 want: ^5.0.1
475 silly fetch manifest is-number@^7.0.0
476 silly packumentCache full:https://registry.npmjs.org/is-number cache-miss
477 http fetch GET 200 https://registry.npmjs.org/is-number 46ms (cache miss)
478 silly packumentCache full:https://registry.npmjs.org/is-number set size:undefined disposed:false
479 silly placeDep ROOT queue-microtask@1.2.3 OK for: run-parallel@1.2.0 want: ^1.2.2
480 silly placeDep ROOT is-number@7.0.0 OK for: to-regex-range@5.0.1 want: ^7.0.0
481 silly reify moves {}
482 silly audit bulk request {
482 silly audit   vite: [ '6.4.1' ],
482 silly audit   'vite-plugin-ruby': [ '5.1.3' ],
482 silly audit   esbuild: [ '0.25.12' ],
482 silly audit   fdir: [ '6.5.0' ],
482 silly audit   fsevents: [ '2.3.3' ],
482 silly audit   picomatch: [ '4.0.3', '2.3.1' ],
482 silly audit   postcss: [ '8.5.6' ],
482 silly audit   rollup: [ '4.59.0' ],
482 silly audit   tinyglobby: [ '0.2.15' ],
482 silly audit   '@esbuild/aix-ppc64': [ '0.25.12' ],
482 silly audit   '@esbuild/android-arm': [ '0.25.12' ],
482 silly audit   '@esbuild/android-arm64': [ '0.25.12' ],
482 silly audit   '@esbuild/android-x64': [ '0.25.12' ],
482 silly audit   '@esbuild/darwin-arm64': [ '0.25.12' ],
482 silly audit   '@esbuild/darwin-x64': [ '0.25.12' ],
482 silly audit   '@esbuild/freebsd-arm64': [ '0.25.12' ],
482 silly audit   '@esbuild/freebsd-x64': [ '0.25.12' ],
482 silly audit   '@esbuild/linux-arm': [ '0.25.12' ],
482 silly audit   '@esbuild/linux-arm64': [ '0.25.12' ],
482 silly audit   '@esbuild/linux-ia32': [ '0.25.12' ],
482 silly audit   '@esbuild/linux-loong64': [ '0.25.12' ],
482 silly audit   '@esbuild/linux-mips64el': [ '0.25.12' ],
482 silly audit   '@esbuild/linux-ppc64': [ '0.25.12' ],
482 silly audit   '@esbuild/linux-riscv64': [ '0.25.12' ],
482 silly audit   '@esbuild/linux-s390x': [ '0.25.12' ],
482 silly audit   '@esbuild/linux-x64': [ '0.25.12' ],
482 silly audit   '@esbuild/netbsd-arm64': [ '0.25.12' ],
482 silly audit   '@esbuild/netbsd-x64': [ '0.25.12' ],
482 silly audit   '@esbuild/openbsd-arm64': [ '0.25.12' ],
482 silly audit   '@esbuild/openbsd-x64': [ '0.25.12' ],
482 silly audit   '@esbuild/openharmony-arm64': [ '0.25.12' ],
482 silly audit   '@esbuild/sunos-x64': [ '0.25.12' ],
482 silly audit   '@esbuild/win32-arm64': [ '0.25.12' ],
482 silly audit   '@esbuild/win32-ia32': [ '0.25.12' ],
482 silly audit   '@esbuild/win32-x64': [ '0.25.12' ],
482 silly audit   nanoid: [ '3.3.11' ],
482 silly audit   picocolors: [ '1.1.1' ],
482 silly audit   'source-map-js': [ '1.2.1' ],
482 silly audit   '@rollup/rollup-android-arm-eabi': [ '4.59.0' ],
482 silly audit   '@rollup/rollup-android-arm64': [ '4.59.0' ],
482 silly audit   '@rollup/rollup-darwin-arm64': [ '4.59.0' ],
482 silly audit   '@rollup/rollup-darwin-x64': [ '4.59.0' ],
482 silly audit   '@rollup/rollup-freebsd-arm64': [ '4.59.0' ],
482 silly audit   '@rollup/rollup-freebsd-x64': [ '4.59.0' ],
482 silly audit   '@rollup/rollup-linux-arm-gnueabihf': [ '4.59.0' ],
482 silly audit   '@rollup/rollup-linux-arm-musleabihf': [ '4.59.0' ],
482 silly audit   '@rollup/rollup-linux-arm64-gnu': [ '4.59.0' ],
482 silly audit   '@rollup/rollup-linux-arm64-musl': [ '4.59.0' ],
482 silly audit   '@rollup/rollup-linux-loong64-gnu': [ '4.59.0' ],
482 silly audit   '@rollup/rollup-linux-loong64-musl': [ '4.59.0' ],
482 silly audit   '@rollup/rollup-linux-ppc64-gnu': [ '4.59.0' ],
482 silly audit   '@rollup/rollup-linux-ppc64-musl': [ '4.59.0' ],
482 silly audit   '@rollup/rollup-linux-riscv64-gnu': [ '4.59.0' ],
482 silly audit   '@rollup/rollup-linux-riscv64-musl': [ '4.59.0' ],
482 silly audit   '@rollup/rollup-linux-s390x-gnu': [ '4.59.0' ],
482 silly audit   '@rollup/rollup-linux-x64-gnu': [ '4.59.0' ],
482 silly audit   '@rollup/rollup-linux-x64-musl': [ '4.59.0' ],
482 silly audit   '@rollup/rollup-openbsd-x64': [ '4.59.0' ],
482 silly audit   '@rollup/rollup-openharmony-arm64': [ '4.59.0' ],
482 silly audit   '@rollup/rollup-win32-arm64-msvc': [ '4.59.0' ],
482 silly audit   '@rollup/rollup-win32-ia32-msvc': [ '4.59.0' ],
482 silly audit   '@rollup/rollup-win32-x64-gnu': [ '4.59.0' ],
482 silly audit   '@rollup/rollup-win32-x64-msvc': [ '4.59.0' ],
482 silly audit   '@types/estree': [ '1.0.8' ],
482 silly audit   debug: [ '4.4.3' ],
482 silly audit   'fast-glob': [ '3.3.3' ],
482 silly audit   ms: [ '2.1.3' ],
482 silly audit   '@nodelib/fs.stat': [ '2.0.5' ],
482 silly audit   '@nodelib/fs.walk': [ '1.2.8' ],
482 silly audit   'glob-parent': [ '5.1.2' ],
482 silly audit   merge2: [ '1.4.1' ],
482 silly audit   micromatch: [ '4.0.8' ],
482 silly audit   '@nodelib/fs.scandir': [ '2.1.5' ],
482 silly audit   fastq: [ '1.20.1' ],
482 silly audit   'run-parallel': [ '1.2.0' ],
482 silly audit   reusify: [ '1.1.0' ],
482 silly audit   'is-glob': [ '4.0.3' ],
482 silly audit   'is-extglob': [ '2.1.1' ],
482 silly audit   braces: [ '3.0.3' ],
482 silly audit   'fill-range': [ '7.1.1' ],
482 silly audit   'to-regex-range': [ '5.0.1' ],
482 silly audit   'queue-microtask': [ '1.2.3' ],
482 silly audit   'is-number': [ '7.0.0' ]
482 silly audit }
483 http cache is-number@https://registry.npmjs.org/is-number/-/is-number-7.0.0.tgz 0ms (cache hit)
484 http cache queue-microtask@https://registry.npmjs.org/queue-microtask/-/queue-microtask-1.2.3.tgz 0ms (cache hit)
485 http cache to-regex-range@https://registry.npmjs.org/to-regex-range/-/to-regex-range-5.0.1.tgz 0ms (cache hit)
486 http cache fill-range@https://registry.npmjs.org/fill-range/-/fill-range-7.1.1.tgz 0ms (cache hit)
487 http cache braces@https://registry.npmjs.org/braces/-/braces-3.0.3.tgz 0ms (cache hit)
488 http cache is-extglob@https://registry.npmjs.org/is-extglob/-/is-extglob-2.1.1.tgz 0ms (cache hit)
489 http cache is-glob@https://registry.npmjs.org/is-glob/-/is-glob-4.0.3.tgz 0ms (cache hit)
490 http cache reusify@https://registry.npmjs.org/reusify/-/reusify-1.1.0.tgz 0ms (cache hit)
491 http cache run-parallel@https://registry.npmjs.org/run-parallel/-/run-parallel-1.2.0.tgz 0ms (cache hit)
492 http cache fastq@https://registry.npmjs.org/fastq/-/fastq-1.20.1.tgz 0ms (cache hit)
493 http cache @nodelib/fs.scandir@https://registry.npmjs.org/@nodelib/fs.scandir/-/fs.scandir-2.1.5.tgz 0ms (cache hit)
494 http cache micromatch@https://registry.npmjs.org/micromatch/-/micromatch-4.0.8.tgz 0ms (cache hit)
495 http cache merge2@https://registry.npmjs.org/merge2/-/merge2-1.4.1.tgz 0ms (cache hit)
496 http cache glob-parent@https://registry.npmjs.org/glob-parent/-/glob-parent-5.1.2.tgz 0ms (cache hit)
497 http cache @nodelib/fs.walk@https://registry.npmjs.org/@nodelib/fs.walk/-/fs.walk-1.2.8.tgz 0ms (cache hit)
498 http cache @nodelib/fs.stat@https://registry.npmjs.org/@nodelib/fs.stat/-/fs.stat-2.0.5.tgz 0ms (cache hit)
499 http cache ms@https://registry.npmjs.org/ms/-/ms-2.1.3.tgz 0ms (cache hit)
500 http cache fast-glob@https://registry.npmjs.org/fast-glob/-/fast-glob-3.3.3.tgz 0ms (cache hit)
501 http cache debug@https://registry.npmjs.org/debug/-/debug-4.4.3.tgz 0ms (cache hit)
502 http cache @types/estree@https://registry.npmjs.org/@types/estree/-/estree-1.0.8.tgz 0ms (cache hit)
503 http cache @rollup/rollup-linux-x64-musl@https://registry.npmjs.org/@rollup/rollup-linux-x64-musl/-/rollup-linux-x64-musl-4.59.0.tgz 0ms (cache hit)
504 http cache source-map-js@https://registry.npmjs.org/source-map-js/-/source-map-js-1.2.1.tgz 0ms (cache hit)
505 http cache picocolors@https://registry.npmjs.org/picocolors/-/picocolors-1.1.1.tgz 0ms (cache hit)
506 http cache nanoid@https://registry.npmjs.org/nanoid/-/nanoid-3.3.11.tgz 0ms (cache hit)
507 http cache @esbuild/linux-x64@https://registry.npmjs.org/@esbuild/linux-x64/-/linux-x64-0.25.12.tgz 0ms (cache hit)
508 http cache tinyglobby@https://registry.npmjs.org/tinyglobby/-/tinyglobby-0.2.15.tgz 0ms (cache hit)
509 http cache rollup@https://registry.npmjs.org/rollup/-/rollup-4.59.0.tgz 0ms (cache hit)
510 http cache postcss@https://registry.npmjs.org/postcss/-/postcss-8.5.6.tgz 0ms (cache hit)
511 http cache picomatch@https://registry.npmjs.org/picomatch/-/picomatch-4.0.3.tgz 0ms (cache hit)
512 http cache fdir@https://registry.npmjs.org/fdir/-/fdir-6.5.0.tgz 0ms (cache hit)
513 http cache esbuild@https://registry.npmjs.org/esbuild/-/esbuild-0.25.12.tgz 0ms (cache hit)
514 http cache vite-plugin-ruby@https://registry.npmjs.org/vite-plugin-ruby/-/vite-plugin-ruby-5.1.3.tgz 0ms (cache hit)
515 http cache vite@https://registry.npmjs.org/vite/-/vite-6.4.1.tgz 0ms (cache hit)
516 http cache picomatch@https://registry.npmjs.org/picomatch/-/picomatch-2.3.1.tgz 0ms (cache hit)
517 silly tarball no local data for is-number@https://registry.npmjs.org/is-number/-/is-number-7.0.0.tgz. Extracting by manifest.
518 silly tarball no local data for queue-microtask@https://registry.npmjs.org/queue-microtask/-/queue-microtask-1.2.3.tgz. Extracting by manifest.
519 silly tarball no local data for to-regex-range@https://registry.npmjs.org/to-regex-range/-/to-regex-range-5.0.1.tgz. Extracting by manifest.
520 silly tarball no local data for fill-range@https://registry.npmjs.org/fill-range/-/fill-range-7.1.1.tgz. Extracting by manifest.
521 silly tarball no local data for braces@https://registry.npmjs.org/braces/-/braces-3.0.3.tgz. Extracting by manifest.
522 silly tarball no local data for is-extglob@https://registry.npmjs.org/is-extglob/-/is-extglob-2.1.1.tgz. Extracting by manifest.
523 silly tarball no local data for is-glob@https://registry.npmjs.org/is-glob/-/is-glob-4.0.3.tgz. Extracting by manifest.
524 silly tarball no local data for reusify@https://registry.npmjs.org/reusify/-/reusify-1.1.0.tgz. Extracting by manifest.
525 silly tarball no local data for run-parallel@https://registry.npmjs.org/run-parallel/-/run-parallel-1.2.0.tgz. Extracting by manifest.
526 silly tarball no local data for fastq@https://registry.npmjs.org/fastq/-/fastq-1.20.1.tgz. Extracting by manifest.
527 silly tarball no local data for @nodelib/fs.scandir@https://registry.npmjs.org/@nodelib/fs.scandir/-/fs.scandir-2.1.5.tgz. Extracting by manifest.
528 silly tarball no local data for micromatch@https://registry.npmjs.org/micromatch/-/micromatch-4.0.8.tgz. Extracting by manifest.
529 silly tarball no local data for merge2@https://registry.npmjs.org/merge2/-/merge2-1.4.1.tgz. Extracting by manifest.
530 silly tarball no local data for glob-parent@https://registry.npmjs.org/glob-parent/-/glob-parent-5.1.2.tgz. Extracting by manifest.
531 silly tarball no local data for @nodelib/fs.walk@https://registry.npmjs.org/@nodelib/fs.walk/-/fs.walk-1.2.8.tgz. Extracting by manifest.
532 silly tarball no local data for @nodelib/fs.stat@https://registry.npmjs.org/@nodelib/fs.stat/-/fs.stat-2.0.5.tgz. Extracting by manifest.
533 silly tarball no local data for ms@https://registry.npmjs.org/ms/-/ms-2.1.3.tgz. Extracting by manifest.
534 silly tarball no local data for fast-glob@https://registry.npmjs.org/fast-glob/-/fast-glob-3.3.3.tgz. Extracting by manifest.
535 silly tarball no local data for debug@https://registry.npmjs.org/debug/-/debug-4.4.3.tgz. Extracting by manifest.
536 silly tarball no local data for @types/estree@https://registry.npmjs.org/@types/estree/-/estree-1.0.8.tgz. Extracting by manifest.
537 silly tarball no local data for @rollup/rollup-linux-x64-musl@https://registry.npmjs.org/@rollup/rollup-linux-x64-musl/-/rollup-linux-x64-musl-4.59.0.tgz. Extracting by manifest.
538 silly tarball no local data for source-map-js@https://registry.npmjs.org/source-map-js/-/source-map-js-1.2.1.tgz. Extracting by manifest.
539 silly tarball no local data for picocolors@https://registry.npmjs.org/picocolors/-/picocolors-1.1.1.tgz. Extracting by manifest.
540 silly tarball no local data for nanoid@https://registry.npmjs.org/nanoid/-/nanoid-3.3.11.tgz. Extracting by manifest.
541 silly tarball no local data for @esbuild/linux-x64@https://registry.npmjs.org/@esbuild/linux-x64/-/linux-x64-0.25.12.tgz. Extracting by manifest.
542 silly tarball no local data for tinyglobby@https://registry.npmjs.org/tinyglobby/-/tinyglobby-0.2.15.tgz. Extracting by manifest.
543 silly tarball no local data for rollup@https://registry.npmjs.org/rollup/-/rollup-4.59.0.tgz. Extracting by manifest.
544 silly tarball no local data for postcss@https://registry.npmjs.org/postcss/-/postcss-8.5.6.tgz. Extracting by manifest.
545 silly tarball no local data for picomatch@https://registry.npmjs.org/picomatch/-/picomatch-4.0.3.tgz. Extracting by manifest.
546 silly tarball no local data for fdir@https://registry.npmjs.org/fdir/-/fdir-6.5.0.tgz. Extracting by manifest.
547 silly tarball no local data for esbuild@https://registry.npmjs.org/esbuild/-/esbuild-0.25.12.tgz. Extracting by manifest.
548 silly tarball no local data for vite-plugin-ruby@https://registry.npmjs.org/vite-plugin-ruby/-/vite-plugin-ruby-5.1.3.tgz. Extracting by manifest.
549 silly tarball no local data for vite@https://registry.npmjs.org/vite/-/vite-6.4.1.tgz. Extracting by manifest.
550 silly tarball no local data for picomatch@https://registry.npmjs.org/picomatch/-/picomatch-2.3.1.tgz. Extracting by manifest.
551 http fetch GET 200 https://registry.npmjs.org/run-parallel/-/run-parallel-1.2.0.tgz 120ms (cache miss)
552 http fetch GET 200 https://registry.npmjs.org/fill-range/-/fill-range-7.1.1.tgz 127ms (cache miss)
553 http fetch GET 200 https://registry.npmjs.org/reusify/-/reusify-1.1.0.tgz 124ms (cache miss)
554 http fetch GET 200 https://registry.npmjs.org/queue-microtask/-/queue-microtask-1.2.3.tgz 131ms (cache miss)
555 http fetch GET 200 https://registry.npmjs.org/fastq/-/fastq-1.20.1.tgz 123ms (cache miss)
556 http fetch GET 200 https://registry.npmjs.org/is-number/-/is-number-7.0.0.tgz 133ms (cache miss)
557 http fetch GET 200 https://registry.npmjs.org/to-regex-range/-/to-regex-range-5.0.1.tgz 133ms (cache miss)
558 http fetch GET 200 https://registry.npmjs.org/is-extglob/-/is-extglob-2.1.1.tgz 135ms (cache miss)
559 http fetch GET 200 https://registry.npmjs.org/ms/-/ms-2.1.3.tgz 126ms (cache miss)
560 http fetch GET 200 https://registry.npmjs.org/is-glob/-/is-glob-4.0.3.tgz 138ms (cache miss)
561 http fetch GET 200 https://registry.npmjs.org/braces/-/braces-3.0.3.tgz 142ms (cache miss)
562 http fetch GET 200 https://registry.npmjs.org/@nodelib/fs.walk/-/fs.walk-1.2.8.tgz 138ms (cache miss)
563 http fetch GET 200 https://registry.npmjs.org/@nodelib/fs.stat/-/fs.stat-2.0.5.tgz 143ms (cache miss)
564 http fetch GET 200 https://registry.npmjs.org/debug/-/debug-4.4.3.tgz 149ms (cache miss)
565 http fetch GET 200 https://registry.npmjs.org/picocolors/-/picocolors-1.1.1.tgz 165ms (cache miss)
566 http fetch GET 200 https://registry.npmjs.org/tinyglobby/-/tinyglobby-0.2.15.tgz 191ms (cache miss)
567 http fetch GET 200 https://registry.npmjs.org/@types/estree/-/estree-1.0.8.tgz 199ms (cache miss)
568 http fetch GET 200 https://registry.npmjs.org/merge2/-/merge2-1.4.1.tgz 212ms (cache miss)
569 http fetch GET 200 https://registry.npmjs.org/picomatch/-/picomatch-4.0.3.tgz 203ms (cache miss)
570 http fetch GET 200 https://registry.npmjs.org/micromatch/-/micromatch-4.0.8.tgz 226ms (cache miss)
571 http fetch GET 200 https://registry.npmjs.org/source-map-js/-/source-map-js-1.2.1.tgz 218ms (cache miss)
572 http fetch GET 200 https://registry.npmjs.org/nanoid/-/nanoid-3.3.11.tgz 228ms (cache miss)
573 http fetch GET 200 https://registry.npmjs.org/@nodelib/fs.scandir/-/fs.scandir-2.1.5.tgz 251ms (cache miss)
574 http fetch GET 200 https://registry.npmjs.org/postcss/-/postcss-8.5.6.tgz 252ms (cache miss)
575 http fetch GET 200 https://registry.npmjs.org/fast-glob/-/fast-glob-3.3.3.tgz 269ms (cache miss)
576 http fetch POST 200 https://registry.npmjs.org/-/npm/v1/security/advisories/bulk 376ms
577 silly audit report {}
578 http fetch GET 200 https://registry.npmjs.org/glob-parent/-/glob-parent-5.1.2.tgz 353ms (cache miss)
579 http fetch GET 200 https://registry.npmjs.org/fdir/-/fdir-6.5.0.tgz 340ms (cache miss)
580 http fetch GET 200 https://registry.npmjs.org/esbuild/-/esbuild-0.25.12.tgz 345ms (cache miss)
581 http fetch GET 200 https://registry.npmjs.org/picomatch/-/picomatch-2.3.1.tgz 396ms (cache miss)
582 http fetch GET 200 https://registry.npmjs.org/@rollup/rollup-linux-x64-musl/-/rollup-linux-x64-musl-4.59.0.tgz 533ms (cache miss)
583 http fetch GET 200 https://registry.npmjs.org/vite-plugin-ruby/-/vite-plugin-ruby-5.1.3.tgz 570ms (cache miss)
584 http fetch GET 200 https://registry.npmjs.org/rollup/-/rollup-4.59.0.tgz 641ms (cache miss)
585 http fetch GET 200 https://registry.npmjs.org/vite/-/vite-6.4.1.tgz 648ms (cache miss)
586 http fetch GET 200 https://registry.npmjs.org/@esbuild/linux-x64/-/linux-x64-0.25.12.tgz 808ms (cache miss)
587 info run esbuild@0.25.12 postinstall node_modules/esbuild node install.js
588 info run esbuild@0.25.12 postinstall { code: 0, signal: null }
589 silly ADD node_modules/is-number
590 silly ADD node_modules/queue-microtask
591 silly ADD node_modules/to-regex-range
592 silly ADD node_modules/fill-range
593 silly ADD node_modules/braces
594 silly ADD node_modules/is-extglob
595 silly ADD node_modules/is-glob
596 silly ADD node_modules/reusify
597 silly ADD node_modules/run-parallel
598 silly ADD node_modules/fastq
599 silly ADD node_modules/@nodelib/fs.scandir
600 silly ADD node_modules/micromatch
601 silly ADD node_modules/micromatch/node_modules/picomatch
602 silly ADD node_modules/merge2
603 silly ADD node_modules/glob-parent
604 silly ADD node_modules/@nodelib/fs.walk
605 silly ADD node_modules/@nodelib/fs.stat
606 silly ADD node_modules/ms
607 silly ADD node_modules/fast-glob
608 silly ADD node_modules/debug
609 silly ADD node_modules/@types/estree
610 silly ADD node_modules/@rollup/rollup-linux-x64-musl
611 silly ADD node_modules/source-map-js
612 silly ADD node_modules/picocolors
613 silly ADD node_modules/nanoid
614 silly ADD node_modules/@esbuild/linux-x64
615 silly ADD node_modules/tinyglobby
616 silly ADD node_modules/rollup
617 silly ADD node_modules/postcss
618 silly ADD node_modules/picomatch
619 silly ADD node_modules/fdir
620 silly ADD node_modules/esbuild
621 silly ADD node_modules/vite-plugin-ruby
622 silly ADD node_modules/vite
623 verbose cwd /app
624 verbose os Linux 5.15.153.1-microsoft-standard-WSL2
625 verbose node v24.13.0
626 verbose npm  v11.6.3
627 verbose exit 0
628 info ok
